<?xml version="1.0" encoding="UTF-8"?>
<!-- Generated by org.testng.reporters.JUnitXMLReporter -->
<testsuite ignored="0" hostname="DESKTOP-TNINED8" failures="1" tests="1" name="Default test" time="33.373" errors="0" timestamp="2024-05-07T11:37:55 IST">
  <testcase classname="io.cucumber.testng.AbstractTestNGCucumberTests" name="runScenario" time="32.362">
    <failure type="io.cucumber.java.PendingException" message="TODO: implement me">
      <![CDATA[io.cucumber.java.PendingException: TODO: implement me
at goldenindia.ServiceStaff.StepDefinitions.servicestaffpanel.i_edit_a_product(servicestaffpanel.java:177)
at ✽.I edit a product(file:///C:/Users/Admin/GoldenIndia/ServiceStaffPanel/src/test/java/goldenindia/ServiceStaff/Features/servicestaffpanel.feature:28)
]]>
    </failure>
  </testcase> <!-- runScenario -->
</testsuite> <!-- Default test -->
