<?xml version="1.0" encoding="UTF-8"?>
<testng-results ignored="0" total="1" passed="1" failed="0" skipped="0">
  <reporter-output>
  </reporter-output>
  <suite started-at="2024-05-13T17:16:04 IST" name="Default suite" finished-at="2024-05-13T17:16:36 IST" duration-ms="31806">
    <groups>
      <group name="cucumber">
        <method signature="AbstractTestNGCucumberTests.runScenario(io.cucumber.testng.PickleWrapper,io.cucumber.testng.FeatureWrapper)[pri:0, instance:goldenindia.ServiceStaff.TestRunners.servicestafftestrunner@6302bbb1]" name="runScenario" class="io.cucumber.testng.AbstractTestNGCucumberTests"/>
      </group> <!-- cucumber -->
    </groups>
    <test started-at="2024-05-13T17:16:04 IST" name="Default test" finished-at="2024-05-13T17:16:36 IST" duration-ms="31806">
      <class name="goldenindia.ServiceStaff.TestRunners.servicestafftestrunner">
        <test-method is-config="true" signature="setUpClass(org.testng.ITestContext)[pri:0, instance:goldenindia.ServiceStaff.TestRunners.servicestafftestrunner@6302bbb1]" started-at="2024-05-13T17:16:04 IST" name="setUpClass" finished-at="2024-05-13T17:16:05 IST" duration-ms="897" status="PASS">
          <params>
            <param index="0">
              <value>
                <![CDATA[org.testng.TestRunner@63e4484d]]>
              </value>
            </param>
          </params>
          <reporter-output>
          </reporter-output>
        </test-method> <!-- setUpClass -->
        <test-method signature="runScenario(io.cucumber.testng.PickleWrapper,io.cucumber.testng.FeatureWrapper)[pri:0, instance:goldenindia.ServiceStaff.TestRunners.servicestafftestrunner@6302bbb1]" started-at="2024-05-13T17:16:05 IST" name="runScenario" description="Runs Cucumber Scenarios" data-provider="scenarios" finished-at="2024-05-13T17:16:36 IST" duration-ms="30829" status="PASS">
          <params>
            <param index="0">
              <value>
                <![CDATA["Clearing Items in Courses"]]>
              </value>
            </param>
            <param index="1">
              <value>
                <![CDATA["Service Staff Panel: Logging Out After Completing Orders"]]>
              </value>
            </param>
          </params>
          <reporter-output>
          </reporter-output>
        </test-method> <!-- runScenario -->
        <test-method is-config="true" signature="tearDownClass()[pri:0, instance:goldenindia.ServiceStaff.TestRunners.servicestafftestrunner@6302bbb1]" started-at="2024-05-13T17:16:36 IST" name="tearDownClass" finished-at="2024-05-13T17:16:36 IST" duration-ms="37" status="PASS">
          <reporter-output>
          </reporter-output>
        </test-method> <!-- tearDownClass -->
      </class> <!-- goldenindia.ServiceStaff.TestRunners.servicestafftestrunner -->
    </test> <!-- Default test -->
  </suite> <!-- Default suite -->
</testng-results>
