<?xml version="1.0" encoding="UTF-8"?>
<testng-results ignored="0" total="1" passed="0" failed="1" skipped="0">
  <reporter-output>
  </reporter-output>
  <suite started-at="2024-05-07T11:37:21 IST" name="Default suite" finished-at="2024-05-07T11:37:55 IST" duration-ms="33373">
    <groups>
      <group name="cucumber">
        <method signature="AbstractTestNGCucumberTests.runScenario(io.cucumber.testng.PickleWrapper,io.cucumber.testng.FeatureWrapper)[pri:0, instance:goldenindia.ServiceStaff.TestRunners.servicestafftestrunner@23348b5d]" name="runScenario" class="io.cucumber.testng.AbstractTestNGCucumberTests"/>
      </group> <!-- cucumber -->
    </groups>
    <test started-at="2024-05-07T11:37:21 IST" name="Default test" finished-at="2024-05-07T11:37:55 IST" duration-ms="33373">
      <class name="goldenindia.ServiceStaff.TestRunners.servicestafftestrunner">
        <test-method is-config="true" signature="setUpClass(org.testng.ITestContext)[pri:0, instance:goldenindia.ServiceStaff.TestRunners.servicestafftestrunner@23348b5d]" started-at="2024-05-07T11:37:21 IST" name="setUpClass" finished-at="2024-05-07T11:37:22 IST" duration-ms="877" status="PASS">
          <params>
            <param index="0">
              <value>
                <![CDATA[org.testng.TestRunner@26b3c9a2]]>
              </value>
            </param>
          </params>
          <reporter-output>
          </reporter-output>
        </test-method> <!-- setUpClass -->
        <test-method signature="runScenario(io.cucumber.testng.PickleWrapper,io.cucumber.testng.FeatureWrapper)[pri:0, instance:goldenindia.ServiceStaff.TestRunners.servicestafftestrunner@23348b5d]" started-at="2024-05-07T11:37:22 IST" name="runScenario" description="Runs Cucumber Scenarios" data-provider="scenarios" finished-at="2024-05-07T11:37:55 IST" duration-ms="32362" status="FAIL">
          <params>
            <param index="0">
              <value>
                <![CDATA["Transferring Products to Another Course"]]>
              </value>
            </param>
            <param index="1">
              <value>
                <![CDATA["Service Staff Panel: Logging Out After Completing Orders"]]>
              </value>
            </param>
          </params>
          <exception class="io.cucumber.java.PendingException">
            <message>
              <![CDATA[TODO: implement me]]>
            </message>
            <full-stacktrace>
              <![CDATA[io.cucumber.java.PendingException: TODO: implement me
at goldenindia.ServiceStaff.StepDefinitions.servicestaffpanel.i_edit_a_product(servicestaffpanel.java:177)
at ✽.I edit a product(file:///C:/Users/Admin/GoldenIndia/ServiceStaffPanel/src/test/java/goldenindia/ServiceStaff/Features/servicestaffpanel.feature:28)
]]>
            </full-stacktrace>
          </exception> <!-- io.cucumber.java.PendingException -->
          <reporter-output>
          </reporter-output>
        </test-method> <!-- runScenario -->
        <test-method is-config="true" signature="tearDownClass()[pri:0, instance:goldenindia.ServiceStaff.TestRunners.servicestafftestrunner@23348b5d]" started-at="2024-05-07T11:37:55 IST" name="tearDownClass" finished-at="2024-05-07T11:37:55 IST" duration-ms="39" status="PASS">
          <reporter-output>
          </reporter-output>
        </test-method> <!-- tearDownClass -->
      </class> <!-- goldenindia.ServiceStaff.TestRunners.servicestafftestrunner -->
    </test> <!-- Default test -->
  </suite> <!-- Default suite -->
</testng-results>
